[33mCMake Warning at cmake/public/cuda.cmake:140 (message):
  Failed to compute shorthash for libnvrtc.so
Call Stack (most recent call first):
  cmake/Dependencies.cmake:44 (include)
  CMakeLists.txt:858 (include)

[0m
[33mCMake Warning at cmake/public/cuda.cmake:218 (message):
  Cannot find cuDNN library.  Turning the option off
Call Stack (most recent call first):
  cmake/Dependencies.cmake:44 (include)
  CMakeLists.txt:858 (include)

[0m
[33mCMake Warning at cmake/Dependencies.cmake:95 (message):
  Not compiling with XPU.  Could NOT find SYCL.Suppress this warning with
  -DUSE_XPU=OFF.
Call Stack (most recent call first):
  CMakeLists.txt:858 (include)

[0m
[33mCMake Warning at cmake/Dependencies.cmake:207 (message):
  MKL could not be found.  Defaulting to Eigen
Call Stack (most recent call first):
  CMakeLists.txt:858 (include)

[0m
[33mCMake Warning at cmake/Dependencies.cmake:255 (message):
  Preferred BLAS (MKL) cannot be found, now searching for a general BLAS
  library
Call Stack (most recent call first):
  CMakeLists.txt:858 (include)

[0m
[33mCMake Warning at cmake/Dependencies.cmake:704 (message):
  A compiler with AVX512 support is required for FBGEMM.  Not compiling with
  FBGEMM.  Turn this warning off by USE_FBGEMM=OFF.
Call Stack (most recent call first):
  CMakeLists.txt:858 (include)

[0m
[33mCMake Warning at cmake/Dependencies.cmake:753 (message):
  Turning USE_FAKELOWP off as it depends on USE_FBGEMM.
Call Stack (most recent call first):
  CMakeLists.txt:858 (include)

[0m
[33mCMake Warning at cmake/Dependencies.cmake:933 (message):
  OpenMPI found, but it is not built with CUDA support.
Call Stack (most recent call first):
  CMakeLists.txt:858 (include)

[0m
[33mCMake Warning at cmake/External/nccl.cmake:70 (message):
  Enabling NCCL library slimming
Call Stack (most recent call first):
  cmake/Dependencies.cmake:1111 (include)
  CMakeLists.txt:858 (include)

[0m
[33mCMake Warning (dev) at third_party/gloo/CMakeLists.txt:21 (option):
  Policy CMP0077 is not set: option() honors normal variables.  Run "cmake
  --help-policy CMP0077" for policy details.  Use the cmake_policy command to
  set the policy and suppress this warning.

  For compatibility with older versions of CMake, option is clearing the
  normal variable 'BUILD_BENCHMARK'.
This warning is for project developers.  Use -Wno-dev to suppress it.
[0m
[33mCMake Warning (dev) at third_party/gloo/cmake/Cuda.cmake:109 (find_package):
  Policy CMP0074 is not set: find_package uses <PackageName>_ROOT variables.
  Run "cmake --help-policy CMP0074" for policy details.  Use the cmake_policy
  command to set the policy and suppress this warning.

  CMake variable CUDAToolkit_ROOT is set to:

    /usr/local/cuda

  For compatibility, CMake is ignoring the variable.
Call Stack (most recent call first):
  third_party/gloo/cmake/Dependencies.cmake:115 (include)
  third_party/gloo/CMakeLists.txt:111 (include)
This warning is for project developers.  Use -Wno-dev to suppress it.
[0m
[0mGenerated: /workspaces/isaac_ros-dev/build/Torch/third_party/onnx/onnx/onnx_onnx_torch-ml.proto[0m
[0mGenerated: /workspaces/isaac_ros-dev/build/Torch/third_party/onnx/onnx/onnx-operators_onnx_torch-ml.proto[0m
[0mGenerated: /workspaces/isaac_ros-dev/build/Torch/third_party/onnx/onnx/onnx-data_onnx_torch.proto[0m
[0mdisabling ROCM because NOT USE_ROCM is set[0m
[0mdisabling MKLDNN because USE_MKLDNN is not set[0m
[0m-- <FindZVECTOR>[0m
[0m-- ZVECTOR flags were NOT set.[0m
[0m-- </FindZVECTOR>[0m
[0mINFO ROCM_SOURCE_DIR = [0m
[0mINFO CUPTI_INCLUDE_DIR = /usr/local/cuda/include[0m
[0mINFO ROCTRACER_INCLUDE_DIR = /include/roctracer[0m
[0mINFO DYNOLOG_INCLUDE_DIR = /workspaces/isaac_ros-dev/Docker/git/pytorch/third_party/kineto/libkineto/third_party/dynolog/[0m
[0mINFO IPCFABRIC_INCLUDE_DIR = /workspaces/isaac_ros-dev/Docker/git/pytorch/third_party/kineto/libkineto/third_party/dynolog//dynolog/src/ipcfabric/[0m
Traceback (most recent call last):
  File "/usr/lib/python3/dist-packages/colcon_parallel_executor/executor/parallel.py", line 75, in execute
    loop.run_until_complete(future)
  File "/usr/lib/python3.10/asyncio/base_events.py", line 636, in run_until_complete
    self.run_forever()
  File "/usr/lib/python3.10/asyncio/base_events.py", line 603, in run_forever
    self._run_once()
  File "/usr/lib/python3.10/asyncio/base_events.py", line 1871, in _run_once
    event_list = self._selector.select(timeout)
  File "/usr/lib/python3.10/selectors.py", line 469, in select
    fd_event_list = self._selector.poll(timeout, max_ev)
KeyboardInterrupt

During handling of the above exception, another exception occurred:

Traceback (most recent call last):
  File "/usr/lib/python3/dist-packages/colcon_core/executor/__init__.py", line 91, in __call__
    rc = await self.task(*args, **kwargs)
  File "/usr/lib/python3/dist-packages/colcon_core/task/__init__.py", line 93, in __call__
    return await task_method(*args, **kwargs)
  File "/usr/lib/python3/dist-packages/colcon_cmake/task/cmake/build.py", line 87, in build
    rc = await self._reconfigure(args, env)
  File "/usr/lib/python3/dist-packages/colcon_cmake/task/cmake/build.py", line 182, in _reconfigure
    buildfile = get_buildfile(cmake_cache)
  File "/usr/lib/python3/dist-packages/colcon_cmake/task/cmake/__init__.py", line 114, in get_buildfile
    if 'Visual Studio' in generator:
TypeError: argument of type 'NoneType' is not iterable
