[0.000000] (-) TimerEvent: {}
[0.000603] (drone_home) JobQueued: {'identifier': 'drone_home', 'dependencies': OrderedDict()}
[0.000821] (drone_home) JobStarted: {'identifier': 'drone_home'}
[0.099581] (-) TimerEvent: {}
[0.199953] (-) TimerEvent: {}
[0.300291] (-) TimerEvent: {}
[0.400621] (-) TimerEvent: {}
[0.500982] (-) TimerEvent: {}
[0.601366] (-) TimerEvent: {}
[0.701702] (-) TimerEvent: {}
[0.802050] (-) TimerEvent: {}
[0.902404] (-) TimerEvent: {}
[1.002779] (-) TimerEvent: {}
[1.052356] (drone_home) StderrLine: {'line': b'Traceback (most recent call last):\n  File "/usr/lib/python3/dist-packages/colcon_parallel_executor/executor/parallel.py", line 75, in execute\n    loop.run_until_complete(future)\n  File "/usr/lib/python3.12/asyncio/base_events.py", line 674, in run_until_complete\n    self.run_forever()\n  File "/usr/lib/python3.12/asyncio/base_events.py", line 641, in run_forever\n    self._run_once()\n  File "/usr/lib/python3.12/asyncio/base_events.py", line 1949, in _run_once\n    event_list = self._selector.select(timeout)\n                 ^^^^^^^^^^^^^^^^^^^^^^^^^^^^^^\n  File "/usr/lib/python3.12/selectors.py", line 468, in select\n    fd_event_list = self._selector.poll(timeout, max_ev)\n                    ^^^^^^^^^^^^^^^^^^^^^^^^^^^^^^^^^^^^\nKeyboardInterrupt\n\nDuring handling of the above exception, another exception occurred:\n\nTraceback (most recent call last):\n  File "/usr/lib/python3/dist-packages/colcon_core/executor/__init__.py", line 91, in __call__\n    rc = await self.task(*args, **kwargs)\n         ^^^^^^^^^^^^^^^^^^^^^^^^^^^^^^^^\n  File "/usr/lib/python3/dist-packages/colcon_core/task/__init__.py", line 93, in __call__\n    return await task_method(*args, **kwargs)\n           ^^^^^^^^^^^^^^^^^^^^^^^^^^^^^^^^^^\n  File "/usr/lib/python3/dist-packages/colcon_ros/task/ament_python/build.py", line 102, in build\n    return await extension.build(additional_hooks=additional_hooks)\n           ^^^^^^^^^^^^^^^^^^^^^^^^^^^^^^^^^^^^^^^^^^^^^^^^^^^^^^^^\n  File "/usr/lib/python3/dist-packages/colcon_core/task/python/build.py", line 94, in build\n    available_commands = await self._get_available_commands(\n                         ^^^^^^^^^^^^^^^^^^^^^^^^^^^^^^^^^^^\n  File "/usr/lib/python3/dist-packages/colcon_core/task/python/build.py", line 192, in _get_available_commands\n    output = await check_output(\n             ^^^^^^^^^^^^^^^^^^^\n  File "/usr/lib/python3/dist-packages/colcon_core/subprocess.py", line 129, in check_output\n    assert not rc, f\'Expected {args} to pass: {stderr_data}\'\n           ^^^^^^\nAssertionError: Expected [\'/usr/bin/python3\', \'-W\', \'ignore:setup.py install is deprecated\', \'setup.py\', \'--help-commands\'] to pass: Traceback (most recent call last):\n  File "/home/pi/drone-home/ros2_ws/src/drone_home/setup.py", line 5, in <module>\n    setup(\n  File "/usr/lib/python3/dist-packages/setuptools/__init__.py", line 107, in setup\n    return distutils.core.setup(**attrs)\n           ^^^^^^^^^^^^^^^^^^^^^^^^^^^^^\n  File "/usr/lib/python3/dist-packages/setuptools/_distutils/core.py", line 172, in setup\n    ok = dist.parse_command_line()\n         ^^^^^^^^^^^^^^^^^^^^^^^^^\n  File "/usr/lib/python3/dist-packages/setuptools/_distutils/dist.py", line 472, in parse_command_line\n    if self.handle_display_options(option_order):\n       ^^^^^^^^^^^^^^^^^^^^^^^^^^^^^^^^^^^^^^^^^\n  File "/usr/lib/python3/dist-packages/setuptools/dist.py", line 1209, in handle_display_options\n    return _Distribution.handle_display_options(self, option_order)\n           ^^^^^^^^^^^^^^^^^^^^^^^^^^^^^^^^^^^^^^^^^^^^^^^^^^^^^^^^\n  File "/usr/lib/python3/dist-packages/setuptools/_distutils/dist.py", line 686, in handle_display_options\n    self.print_commands()\n  File "/usr/lib/python3/dist-packages/setuptools/dist.py", line 988, in print_commands\n    cmdclass = ep.load()\n               ^^^^^^^^^\n  File "/usr/lib/python3.12/importlib/metadata/__init__.py", line 205, in load\n    module = import_module(match.group(\'module\'))\n             ^^^^^^^^^^^^^^^^^^^^^^^^^^^^^^^^^^^^\n  File "/usr/lib/python3.12/importlib/__init__.py", line 90, in import_module\n    return _bootstrap._gcd_import(name[level:], package, level)\n           ^^^^^^^^^^^^^^^^^^^^^^^^^^^^^^^^^^^^^^^^^^^^^^^^^^^^\n  File "<frozen importlib._bootstrap>", line 1387, in _gcd_import\n  File "<frozen importlib._bootstrap>", line 1360, in _find_and_load\n  File "<frozen importlib._bootstrap>", line 1331, in _find_and_load_unlocked\n  File "<frozen importlib._bootstrap>", line 935, in _load_unlocked\n  File "<frozen importlib._bootstrap_external>", line 995, in exec_module\n  File "<frozen importlib._bootstrap>", line 488, in _call_with_frames_removed\n  File "/usr/lib/python3/dist-packages/setuptools/command/test.py", line 6, in <module>\n    import unittest\n  File "/usr/lib/python3.12/unittest/__init__.py", line 66, in <module>\n    from .main import TestProgram, main\n  File "/usr/lib/python3.12/unittest/main.py", line 4, in <module>\n    import argparse\n  File "/usr/lib/python3.12/argparse.py", line 166, in <module>\n    class HelpFormatter(object):\n  File "/usr/lib/python3.12/argparse.py", line 216, in HelpFormatter\n    class _Section(object):\nKeyboardInterrupt\n\n'}
[1.053142] (drone_home) JobEnded: {'identifier': 'drone_home', 'rc': 'SIGINT'}
[1.063024] (-) EventReactorShutdown: {}
