[1.278s] Invoking command in '/home/pi/drone-home/ros2_ws/src/drone_home': DEBUGINFOD_URLS=https://debuginfod.ubuntu.com PYTHONPATH=/home/pi/drone-home/ros2_ws/build/drone_home/prefix_override:/usr/lib/python3/dist-packages/colcon_core/task/python/colcon_distutils_commands:/home/pi/drone-home/ros2_ws/install/drone_home/lib/python3.12/site-packages:${PYTHONPATH} /usr/bin/python3 -W ignore:setup.py install is deprecated setup.py egg_info --egg-base ../../build/drone_home build --build-base /home/pi/drone-home/ros2_ws/build/drone_home/build install --record /home/pi/drone-home/ros2_ws/build/drone_home/install.log --single-version-externally-managed install_data
[1.605s] Traceback (most recent call last):
[1.606s]   File "/usr/lib/python3.12/pathlib.py", line 441, in __str__
[1.607s]     return self._str
[1.607s]            ^^^^^^^^^
[1.608s] AttributeError: 'PosixPath' object has no attribute '_str'
[1.608s] 
[1.608s] During handling of the above exception, another exception occurred:
[1.608s] 
[1.608s] Traceback (most recent call last):
[1.608s]   File "/usr/lib/python3.12/pathlib.py", line 555, in drive
[1.608s]     return self._drv
[1.608s]            ^^^^^^^^^
[1.608s] AttributeError: 'PosixPath' object has no attribute '_drv'
[1.608s] 
[1.609s] During handling of the above exception, another exception occurred:
[1.609s] 
[1.609s] Traceback (most recent call last):
[1.609s]   File "/home/pi/drone-home/ros2_ws/src/drone_home/setup.py", line 5, in <module>
[1.609s]     setup(
[1.609s]   File "/usr/lib/python3/dist-packages/setuptools/__init__.py", line 107, in setup
[1.609s]     return distutils.core.setup(**attrs)
[1.609s]            ^^^^^^^^^^^^^^^^^^^^^^^^^^^^^
[1.609s]   File "/usr/lib/python3/dist-packages/setuptools/_distutils/core.py", line 172, in setup
[1.610s]     ok = dist.parse_command_line()
[1.610s]          ^^^^^^^^^^^^^^^^^^^^^^^^^
[1.610s]   File "/usr/lib/python3/dist-packages/setuptools/_distutils/dist.py", line 475, in parse_command_line
[1.611s]     args = self._parse_command_opts(parser, args)
[1.611s]            ^^^^^^^^^^^^^^^^^^^^^^^^^^^^^^^^^^^^^^
[1.611s]   File "/usr/lib/python3/dist-packages/setuptools/dist.py", line 1133, in _parse_command_opts
[1.613s]     nargs = _Distribution._parse_command_opts(self, parser, args)
[1.613s]             ^^^^^^^^^^^^^^^^^^^^^^^^^^^^^^^^^^^^^^^^^^^^^^^^^^^^^
[1.614s]   File "/usr/lib/python3/dist-packages/setuptools/_distutils/dist.py", line 534, in _parse_command_opts
[1.614s]     cmd_class = self.get_command_class(command)
[1.614s]                 ^^^^^^^^^^^^^^^^^^^^^^^^^^^^^^^
[1.614s]   File "/usr/lib/python3/dist-packages/setuptools/dist.py", line 978, in get_command_class
[1.614s]     eps = metadata.entry_points(group='distutils.commands', name=command)
[1.614s]           ^^^^^^^^^^^^^^^^^^^^^^^^^^^^^^^^^^^^^^^^^^^^^^^^^^^^^^^^^^^^^^^
[1.614s]   File "/usr/lib/python3.12/importlib/metadata/__init__.py", line 913, in entry_points
[1.615s]     return EntryPoints(eps).select(**params)
[1.616s]            ^^^^^^^^^^^^^^^^
[1.616s]   File "/usr/lib/python3.12/importlib/metadata/__init__.py", line 911, in <genexpr>
[1.616s]     dist.entry_points for dist in _unique(distributions())
[1.616s]     ^^^^^^^^^^^^^^^^^
[1.616s]   File "/usr/lib/python3.12/importlib/metadata/__init__.py", line 471, in entry_points
[1.616s]     return EntryPoints._from_text_for(self.read_text('entry_points.txt'), self)
[1.616s]                                       ^^^^^^^^^^^^^^^^^^^^^^^^^^^^^^^^^^
[1.617s]   File "/usr/lib/python3.12/importlib/metadata/__init__.py", line 819, in read_text
[1.617s]     return self._path.joinpath(filename).read_text(encoding='utf-8')
[1.617s]            ^^^^^^^^^^^^^^^^^^^^^^^^^^^^^^^^^^^^^^^^^^^^^^^^^^^^^^^^^
[1.617s]   File "/usr/lib/python3.12/pathlib.py", line 1029, in read_text
[1.617s]     with self.open(mode='r', encoding=encoding, errors=errors) as f:
[1.617s]          ^^^^^^^^^^^^^^^^^^^^^^^^^^^^^^^^^^^^^^^^^^^^^^^^^^^^^
[1.617s]   File "/usr/lib/python3.12/pathlib.py", line 1015, in open
[1.617s]     return io.open(self, mode, buffering, encoding, errors, newline)
[1.618s]            ^^^^^^^^^^^^^^^^^^^^^^^^^^^^^^^^^^^^^^^^^^^^^^^^^^^^^^^^^
[1.618s]   File "/usr/lib/python3.12/pathlib.py", line 448, in __fspath__
[1.618s]     return str(self)
[1.618s]            ^^^^^^^^^
[1.618s]   File "/usr/lib/python3.12/pathlib.py", line 443, in __str__
[1.618s]     self._str = self._format_parsed_parts(self.drive, self.root,
[1.618s]                                           ^^^^^^^^^^
[1.618s]   File "/usr/lib/python3.12/pathlib.py", line 557, in drive
[1.618s]     self._load_parts()
[1.619s]   File "/usr/lib/python3.12/pathlib.py", line 415, in _load_parts
[1.619s]     drv, root, tail = self._parse_path(path)
[1.619s]                       ^^^^^^^^^^^^^^^^^^^^^^
[1.619s]   File "/usr/lib/python3.12/pathlib.py", line 404, in _parse_path
[1.620s]     parsed = [sys.intern(str(x)) for x in rel.split(sep) if x and x != '.']
[1.620s]               ^^^^^^^^^^^^^^^^^^
[1.620s] KeyboardInterrupt
[1.675s] Invoked command in '/home/pi/drone-home/ros2_ws/src/drone_home' returned '-2': DEBUGINFOD_URLS=https://debuginfod.ubuntu.com PYTHONPATH=/home/pi/drone-home/ros2_ws/build/drone_home/prefix_override:/usr/lib/python3/dist-packages/colcon_core/task/python/colcon_distutils_commands:/home/pi/drone-home/ros2_ws/install/drone_home/lib/python3.12/site-packages:${PYTHONPATH} /usr/bin/python3 -W ignore:setup.py install is deprecated setup.py egg_info --egg-base ../../build/drone_home build --build-base /home/pi/drone-home/ros2_ws/build/drone_home/build install --record /home/pi/drone-home/ros2_ws/build/drone_home/install.log --single-version-externally-managed install_data
